[    0.000000] Initializing cgroup subsys cpuset
[    0.000000] Initializing cgroup subsys cpu
[    0.000000] Initializing cgroup subsys cpuacct
[    0.000000] Linux version 4.4.0-97-generic (buildd@lcy01-33) (gcc version 5.4.0 20160609 (Ubuntu 5.4.0-6ubuntu1~16.04.4) ) #120-Ubuntu SMP Tue Sep 19 17:28:18 UTC 2017 (Ubuntu 4.4.0-97.120-generic 4.4.87)
[    0.000000] Command line: BOOT_IMAGE=/boot/vmlinuz-4.4.0-97-generic root=LABEL=cloudimg-rootfs ro console=tty1 console=ttyS0
[    0.000000] KERNEL supported cpus:
[    0.000000]   Intel GenuineIntel
[    0.000000]   AMD AuthenticAMD
[    0.000000]   Centaur CentaurHauls
[    0.000000] x86/fpu: xstate_offset[2]:  576, xstate_sizes[2]:  256
[    0.000000] x86/fpu: Supporting XSAVE feature 0x01: 'x87 floating point registers'
[    0.000000] x86/fpu: Supporting XSAVE feature 0x02: 'SSE registers'
[    0.000000] x86/fpu: Supporting XSAVE feature 0x04: 'AVX registers'
[    0.000000] x86/fpu: Enabled xstate features 0x7, context size is 832 bytes, using 'standard' format.
[    0.000000] x86/fpu: Using 'lazy' FPU context switches.
[    0.000000] e820: BIOS-provided physical RAM map:
[    0.000000] BIOS-e820: [mem 0x0000000000000000-0x000000000009fbff] usable
[    0.000000] BIOS-e820: [mem 0x000000000009fc00-0x000000000009ffff] reserved
[    0.000000] BIOS-e820: [mem 0x00000000000f0000-0x00000000000fffff] reserved
[    0.000000] BIOS-e820: [mem 0x0000000000100000-0x000000003ffeffff] usable
[    0.000000] BIOS-e820: [mem 0x000000003fff0000-0x000000003fffffff] ACPI data
[    0.000000] BIOS-e820: [mem 0x00000000fec00000-0x00000000fec00fff] reserved
[    0.000000] BIOS-e820: [mem 0x00000000fee00000-0x00000000fee00fff] reserved
[    0.000000] BIOS-e820: [mem 0x00000000fffc0000-0x00000000ffffffff] reserved
[    0.000000] NX (Execute Disable) protection: active
[    0.000000] SMBIOS 2.5 present.
[    0.000000] Hypervisor detected: KVM
[    0.000000] e820: last_pfn = 0x3fff0 max_arch_pfn = 0x400000000
[    0.000000] MTRR: Disabled
[    0.000000] x86/PAT: MTRRs disabled, skipping PAT initialization too.
[    0.000000] CPU MTRRs all blank - virtualized system.
[    0.000000] x86/PAT: Configuration [0-7]: WB  WT  UC- UC  WB  WT  UC- UC  
[    0.000000] found SMP MP-table at [mem 0x0009fff0-0x0009ffff] mapped at [ffff88000009fff0]
[    0.000000] Scanning 1 areas for low memory corruption
[    0.000000] RAMDISK: [mem 0x36adc000-0x37565fff]
[    0.000000] ACPI: Early table checksum verification disabled
[    0.000000] ACPI: RSDP 0x00000000000E0000 000024 (v02 VBOX  )
[    0.000000] ACPI: XSDT 0x000000003FFF0030 00003C (v01 VBOX   VBOXXSDT 00000001 ASL  00000061)
[    0.000000] ACPI: FACP 0x000000003FFF00F0 0000F4 (v04 VBOX   VBOXFACP 00000001 ASL  00000061)
[    0.000000] ACPI: DSDT 0x000000003FFF0470 0021FF (v02 VBOX   VBOXBIOS 00000002 INTL 20100528)
[    0.000000] ACPI: FACS 0x000000003FFF0200 000040
[    0.000000] ACPI: FACS 0x000000003FFF0200 000040
[    0.000000] ACPI: APIC 0x000000003FFF0240 00005C (v02 VBOX   VBOXAPIC 00000001 ASL  00000061)
[    0.000000] ACPI: SSDT 0x000000003FFF02A0 0001CC (v01 VBOX   VBOXCPUT 00000002 INTL 20100528)
[    0.000000] No NUMA configuration found
[    0.000000] Faking a node at [mem 0x0000000000000000-0x000000003ffeffff]
[    0.000000] NODE_DATA(0) allocated [mem 0x3ffeb000-0x3ffeffff]
[    0.000000] kvm-clock: Using msrs 4b564d01 and 4b564d00
[    0.000000] kvm-clock: cpu 0, msr 0:3ffe3001, primary cpu clock
[    0.000000] kvm-clock: using sched offset of 3075866501 cycles
[    0.000000] clocksource: kvm-clock: mask: 0xffffffffffffffff max_cycles: 0x1cd42e4dffb, max_idle_ns: 881590591483 ns
[    0.000000] Zone ranges:
[    0.000000]   DMA      [mem 0x0000000000001000-0x0000000000ffffff]
[    0.000000]   DMA32    [mem 0x0000000001000000-0x000000003ffeffff]
[    0.000000]   Normal   empty
[    0.000000]   Device   empty
[    0.000000] Movable zone start for each node
[    0.000000] Early memory node ranges
[    0.000000]   node   0: [mem 0x0000000000001000-0x000000000009efff]
[    0.000000]   node   0: [mem 0x0000000000100000-0x000000003ffeffff]
[    0.000000] Initmem setup node 0 [mem 0x0000000000001000-0x000000003ffeffff]
[    0.000000] ACPI: PM-Timer IO Port: 0x4008
[    0.000000] IOAPIC[0]: apic_id 2, version 32, address 0xfec00000, GSI 0-23
[    0.000000] ACPI: INT_SRC_OVR (bus 0 bus_irq 0 global_irq 2 dfl dfl)
[    0.000000] ACPI: INT_SRC_OVR (bus 0 bus_irq 9 global_irq 9 high level)
[    0.000000] Using ACPI (MADT) for SMP configuration information
[    0.000000] smpboot: Allowing 2 CPUs, 0 hotplug CPUs
[    0.000000] PM: Registered nosave memory: [mem 0x00000000-0x00000fff]
[    0.000000] PM: Registered nosave memory: [mem 0x0009f000-0x0009ffff]
[    0.000000] PM: Registered nosave memory: [mem 0x000a0000-0x000effff]
[    0.000000] PM: Registered nosave memory: [mem 0x000f0000-0x000fffff]
[    0.000000] e820: [mem 0x40000000-0xfebfffff] available for PCI devices
[    0.000000] Booting paravirtualized kernel on KVM
[    0.000000] clocksource: refined-jiffies: mask: 0xffffffff max_cycles: 0xffffffff, max_idle_ns: 7645519600211568 ns
[    0.000000] setup_percpu: NR_CPUS:512 nr_cpumask_bits:512 nr_cpu_ids:2 nr_node_ids:1
[    0.000000] PERCPU: Embedded 34 pages/cpu @ffff88003fc00000 s98328 r8192 d32744 u1048576
[    0.000000] PV qspinlock hash table entries: 256 (order: 0, 4096 bytes)
[    0.000000] Built 1 zonelists in Node order, mobility grouping on.  Total pages: 257913
[    0.000000] Policy zone: DMA32
[    0.000000] Kernel command line: BOOT_IMAGE=/boot/vmlinuz-4.4.0-97-generic root=LABEL=cloudimg-rootfs ro console=tty1 console=ttyS0
[    0.000000] PID hash table entries: 4096 (order: 3, 32768 bytes)
[    0.000000] Memory: 1001772K/1048120K available (8480K kernel code, 1294K rwdata, 3984K rodata, 1492K init, 1316K bss, 46348K reserved, 0K cma-reserved)
[    0.000000] SLUB: HWalign=64, Order=0-3, MinObjects=0, CPUs=2, Nodes=1
[    0.000000] Hierarchical RCU implementation.
[    0.000000] 	Build-time adjustment of leaf fanout to 64.
[    0.000000] 	RCU restricting CPUs from NR_CPUS=512 to nr_cpu_ids=2.
[    0.000000] RCU: Adjusting geometry for rcu_fanout_leaf=64, nr_cpu_ids=2
[    0.000000] NR_IRQS:33024 nr_irqs:440 16
[    0.000000] Console: colour VGA+ 80x25
[    0.000000] console [tty1] enabled
[    0.000000] console [ttyS0] enabled
[    0.000000] tsc: Detected 1799.999 MHz processor
[    4.578313] Calibrating delay loop (skipped) preset value.. 3599.99 BogoMIPS (lpj=7199996)
[    4.663481] pid_max: default: 32768 minimum: 301
[    4.706198] ACPI: Core revision 20150930
[    4.732406] ACPI: 2 ACPI AML tables successfully acquired and loaded
[    4.738725] Security Framework initialized
[    4.772522] Yama: becoming mindful.
[    4.808842] AppArmor: AppArmor initialized
[    4.834181] Dentry cache hash table entries: 131072 (order: 8, 1048576 bytes)
[    4.865776] Inode-cache hash table entries: 65536 (order: 7, 524288 bytes)
[    4.904041] Mount-cache hash table entries: 2048 (order: 2, 16384 bytes)
[    4.964761] Mountpoint-cache hash table entries: 2048 (order: 2, 16384 bytes)
[    4.980290] Initializing cgroup subsys io
[    4.982502] Initializing cgroup subsys memory
[    4.983594] Initializing cgroup subsys devices
[    4.993892] Initializing cgroup subsys freezer
[    5.062965] Initializing cgroup subsys net_cls
[    5.081885] Initializing cgroup subsys perf_event
[    5.141019] Initializing cgroup subsys net_prio
[    5.192530] Initializing cgroup subsys hugetlb
[    5.255159] Initializing cgroup subsys pids
[    5.312421] CPU: Physical Processor ID: 0
[    5.358795] CPU: Processor Core ID: 0
[    5.396029] mce: CPU supports 0 MCE banks
[    5.464220] Last level iTLB entries: 4KB 64, 2MB 8, 4MB 8
[    5.539539] Last level dTLB entries: 4KB 64, 2MB 0, 4MB 0, 1GB 4
[    5.579776] Freeing SMP alternatives memory: 32K
[    5.636316] ftrace: allocating 32148 entries in 126 pages
[    5.751226] smpboot: APIC(0) Converting physical 0 to logical package 0
[    5.833956] smpboot: Max logical packages: 1
[    5.859101] x2apic enabled
[    5.897952] Switched APIC routing to physical x2apic.
[    5.959018] ..TIMER: vector=0x30 apic1=0 pin1=2 apic2=-1 pin2=-1
[    6.069453] smpboot: CPU0: Intel(R) Core(TM) i5-5350U CPU @ 1.80GHz (family: 0x6, model: 0x3d, stepping: 0x4)
[    6.148770] Performance Events: unsupported p6 CPU model 61 no PMU driver, software events only.
[    6.151088] KVM setup paravirtual spinlock
[    6.152788] x86: Booting SMP configuration:
[    6.153870] .... node  #0, CPUs:      #1
[    6.160480] kvm-clock: cpu 1, msr 0:3ffe3041, secondary cpu clock
[    6.170465] mce: CPU supports 0 MCE banks
[    6.173226] x86: Booted up 1 node, 2 CPUs
[    6.204509] smpboot: Total of 2 processors activated (7199.99 BogoMIPS)
[    6.274911] devtmpfs: initialized
[    6.312702] evm: security.selinux
[    6.335816] evm: security.SMACK64
[    6.381990] evm: security.SMACK64EXEC
[    6.423773] evm: security.SMACK64TRANSMUTE
[    6.463505] evm: security.SMACK64MMAP
[    6.499652] evm: security.ima
[    6.536516] evm: security.capability
[    6.574417] clocksource: jiffies: mask: 0xffffffff max_cycles: 0xffffffff, max_idle_ns: 7645041785100000 ns
[    6.718511] futex hash table entries: 512 (order: 3, 32768 bytes)
[    6.775220] pinctrl core: initialized pinctrl subsystem
[    6.838199] RTC time: 10:52:19, date: 10/18/17
[    6.876594] NET: Registered protocol family 16
[    6.934042] cpuidle: using governor ladder
[    6.989823] cpuidle: using governor menu
[    7.028335] PCCT header not found.
[    7.062120] ACPI: bus type PCI registered
[    7.079842] acpiphp: ACPI Hot Plug PCI Controller Driver version: 0.5
[    7.107981] PCI: Using configuration type 1 for base access
[    7.167693] ACPI: Added _OSI(Module Device)
[    7.206798] ACPI: Added _OSI(Processor Device)
[    7.258704] ACPI: Added _OSI(3.0 _SCP Extensions)
[    7.312793] ACPI: Added _OSI(Processor Aggregator Device)
[    7.381471] ACPI: Executed 1 blocks of module-level executable AML code
[    7.452619] ACPI: Interpreter enabled
[    7.487827] ACPI: (supports S0 S5)
[    7.522515] ACPI: Using IOAPIC for interrupt routing
[    7.548091] PCI: Using host bridge windows from ACPI; if necessary, use "pci=nocrs" and report a bug
[    7.663400] ACPI: PCI Root Bridge [PCI0] (domain 0000 [bus 00-ff])
[    7.744132] acpi PNP0A03:00: _OSC: OS supports [ASPM ClockPM Segments MSI]
[    7.816193] acpi PNP0A03:00: _OSC: not requesting OS control; OS requires [ExtendedConfig ASPM ClockPM MSI]
[    7.927215] acpi PNP0A03:00: fail to add MMCONFIG information, can't access extended PCI configuration space under this bridge.
[    8.039838] PCI host bridge to bus 0000:00
[    8.081041] pci_bus 0000:00: root bus resource [io  0x0000-0x0cf7 window]
[    8.152204] pci_bus 0000:00: root bus resource [io  0x0d00-0xffff window]
[    8.179804] pci_bus 0000:00: root bus resource [mem 0x000a0000-0x000bffff window]
[    8.181800] pci_bus 0000:00: root bus resource [mem 0x40000000-0xffdfffff window]
[    8.223056] pci_bus 0000:00: root bus resource [bus 00-ff]
[    8.267105] pci 0000:00:01.1: legacy IDE quirk: reg 0x10: [io  0x01f0-0x01f7]
[    8.308646] pci 0000:00:01.1: legacy IDE quirk: reg 0x14: [io  0x03f6]
[    8.382572] pci 0000:00:01.1: legacy IDE quirk: reg 0x18: [io  0x0170-0x0177]
[    8.467281] pci 0000:00:01.1: legacy IDE quirk: reg 0x1c: [io  0x0376]
[    8.554794] pci 0000:00:07.0: quirk: [io  0x4000-0x403f] claimed by PIIX4 ACPI
[    8.635427] pci 0000:00:07.0: quirk: [io  0x4100-0x410f] claimed by PIIX4 SMB
[    8.718803] ACPI: PCI Interrupt Link [LNKA] (IRQs 5 9 10 *11)
[    8.788925] ACPI: PCI Interrupt Link [LNKB] (IRQs 5 9 10 *11)
[    8.860665] ACPI: PCI Interrupt Link [LNKC] (IRQs 5 9 *10 11)
[    8.928624] ACPI: PCI Interrupt Link [LNKD] (IRQs 5 *9 10 11)
[    9.008520] ACPI: Enabled 2 GPEs in block 00 to 07
[    9.064634] vgaarb: setting as boot device: PCI:0000:00:02.0
[    9.124537] vgaarb: device added: PCI:0000:00:02.0,decodes=io+mem,owns=io+mem,locks=none
[    9.206059] vgaarb: loaded
[    9.212501] vgaarb: bridge control possible 0000:00:02.0
[    9.219231] SCSI subsystem initialized
[    9.255137] ACPI: bus type USB registered
[    9.292986] usbcore: registered new interface driver usbfs
[    9.308924] usbcore: registered new interface driver hub
[    9.310356] usbcore: registered new device driver usb
[    9.311971] PCI: Using ACPI for IRQ routing
[    9.350304] NetLabel: Initializing
[    9.384167] NetLabel:  domain hash size = 128
[    9.398931] NetLabel:  protocols = UNLABELED CIPSOv4
[    9.464571] NetLabel:  unlabeled traffic allowed by default
[    9.536015] amd_nb: Cannot enumerate AMD northbridges
[    9.596686] clocksource: Switched to clocksource kvm-clock
[    9.664675] AppArmor: AppArmor Filesystem Enabled
[    9.742038] pnp: PnP ACPI init
[    9.744584] pnp: PnP ACPI: found 3 devices
[    9.757136] clocksource: acpi_pm: mask: 0xffffff max_cycles: 0xffffff, max_idle_ns: 2085701024 ns
[    9.915651] NET: Registered protocol family 2
[    9.997766] TCP established hash table entries: 8192 (order: 4, 65536 bytes)
[   10.144079] TCP bind hash table entries: 8192 (order: 5, 131072 bytes)
[   10.285611] TCP: Hash tables configured (established 8192 bind 8192)
[   10.287699] UDP hash table entries: 512 (order: 2, 16384 bytes)
[   10.392092] UDP-Lite hash table entries: 512 (order: 2, 16384 bytes)
[   10.393739] NET: Registered protocol family 1
[   10.420182] pci 0000:00:00.0: Limiting direct PCI/PCI transfers
[   10.421699] pci 0000:00:01.0: Activating ISA DMA hang workarounds
[   10.425061] Unpacking initramfs...
[   12.323367] Freeing initrd memory: 10792K
[   12.400236] RAPL PMU detected, API unit is 2^-32 Joules, 4 fixed counters 10737418240 ms ovfl timer
[   12.571773] hw unit of domain pp0-core 2^-0 Joules
[   12.649061] hw unit of domain package 2^-0 Joules
[   12.740438] hw unit of domain dram 2^-0 Joules
[   12.769148] hw unit of domain pp1-gpu 2^-0 Joules
[   12.786676] platform rtc_cmos: registered platform RTC device (no PNP device found)
[   12.875860] Scanning for low memory corruption every 60 seconds
[   12.879442] audit: initializing netlink subsys (disabled)
[   12.887426] audit: type=2000 audit(1508323941.204:1): initialized
[   12.975553] Initialise system trusted keyring
[   13.028471] HugeTLB registered 2 MB page size, pre-allocated 0 pages
[   13.092746] zbud: loaded
[   13.093930] VFS: Disk quotas dquot_6.6.0
[   13.204428] VFS: Dquot-cache hash table entries: 512 (order 0, 4096 bytes)
[   13.289131] squashfs: version 4.0 (2009/01/31) Phillip Lougher
[   13.291410] fuse init (API version 7.23)
[   13.325577] Key type big_key registered
[   13.384804] Allocating IMA MOK and blacklist keyrings.
[   13.409727] Key type asymmetric registered
[   13.475159] Asymmetric key parser 'x509' registered
[   13.510658] Block layer SCSI generic (bsg) driver version 0.4 loaded (major 249)
[   13.530635] io scheduler noop registered
[   13.562661] io scheduler deadline registered (default)
[   13.624074] io scheduler cfq registered
[   13.646177] pci_hotplug: PCI Hot Plug PCI Core version: 0.5
[   13.647848] pciehp: PCI Express Hot Plug Controller Driver version: 0.4
[   13.649783] ACPI: AC Adapter [AC] (off-line)
[   13.685745] input: Power Button as /devices/LNXSYSTM:00/LNXPWRBN:00/input/input0
[   13.725743] ACPI: Power Button [PWRF]
[   13.781829] input: Sleep Button as /devices/LNXSYSTM:00/LNXSLPBN:00/input/input1
[   13.792831] tsc: Refined TSC clocksource calibration: 1800.340 MHz
[   13.806367] clocksource: tsc: mask: 0xffffffffffffffff max_cycles: 0x19f36add0df, max_idle_ns: 440795264370 ns
[   13.806391] ACPI: Sleep Button [SLPF]
[   13.806718] GHES: HEST is not enabled!
[   13.828860] Serial: 8250/16550 driver, 32 ports, IRQ sharing enabled
[   13.832952] ACPI: Battery Slot [BAT0] (battery present)
[   13.914682] 00:02: ttyS0 at I/O 0x3f8 (irq = 4, base_baud = 115200) is a 16550A
[   13.990112] Linux agpgart interface v0.103
[   14.003947] loop: module loaded
[   14.006789] scsi host0: ata_piix
[   14.011464] scsi host1: ata_piix
[   14.050626] ata1: PATA max UDMA/33 cmd 0x1f0 ctl 0x3f6 bmdma 0xd000 irq 14
[   14.150107] ata2: PATA max UDMA/33 cmd 0x170 ctl 0x376 bmdma 0xd008 irq 15
[   14.273584] libphy: Fixed MDIO Bus: probed
[   14.342729] tun: Universal TUN/TAP device driver, 1.6
[   14.402707] tun: (C) 1999-2004 Max Krasnyansky <maxk@qualcomm.com>
[   14.455526] PPP generic driver version 2.4.2
[   14.490594] ehci_hcd: USB 2.0 'Enhanced' Host Controller (EHCI) Driver
[   14.584519] ehci-pci: EHCI PCI platform driver
[   14.646634] ehci-platform: EHCI generic platform driver
[   14.746116] ohci_hcd: USB 1.1 'Open' Host Controller (OHCI) Driver
[   14.807992] ohci-pci: OHCI PCI platform driver
[   14.864693] ohci-platform: OHCI generic platform driver
[   14.904802] uhci_hcd: USB Universal Host Controller Interface driver
[   14.910183] i8042: PNP: PS/2 Controller [PNP0303:PS2K,PNP0f03:PS2M] at 0x60,0x64 irq 1,12
[   14.938676] serio: i8042 KBD port at 0x60,0x64 irq 1
[   14.952950] serio: i8042 AUX port at 0x60,0x64 irq 12
[   14.972643] mousedev: PS/2 mouse device common for all mice
[   15.034239] input: AT Translated Set 2 keyboard as /devices/platform/i8042/serio0/input/input2
[   15.116766] rtc_cmos rtc_cmos: rtc core: registered rtc_cmos as rtc0
[   15.242430] rtc_cmos rtc_cmos: alarms up to one day, 114 bytes nvram
[   15.381158] i2c /dev entries driver
[   15.425406] device-mapper: uevent: version 1.0.3
[   15.515014] device-mapper: ioctl: 4.34.0-ioctl (2015-10-28) initialised: dm-devel@redhat.com
[   15.578035] ledtrig-cpu: registered to indicate activity on CPUs
[   15.655677] NET: Registered protocol family 10
[   15.717867] NET: Registered protocol family 17
[   15.761101] Key type dns_resolver registered
[   15.810787] microcode: CPU0 sig=0x306d4, pf=0x40, revision=0x0
[   15.843471] microcode: CPU1 sig=0x306d4, pf=0x40, revision=0x0
[   15.846350] microcode: Microcode Update Driver: v2.01 <tigran@aivazian.fsnet.co.uk>, Peter Oruba
[   15.943856] registered taskstats version 1
[   15.984946] Loading compiled-in X.509 certificates
[   16.015842] Loaded X.509 cert 'Build time autogenerated kernel key: d1010f9627fd9242df4b03365d2931dfd1ad3d42'
[   16.018465] zswap: loaded using pool lzo/zbud
[   16.064045] Key type trusted registered
[   16.081416] Key type encrypted registered
[   16.135054] AppArmor: AppArmor sha1 policy hashing enabled
[   16.199649] ima: No TPM chip found, activating TPM-bypass!
[   16.237835] evm: HMAC attrs: 0x1
[   16.275934]   Magic number: 5:775:881
[   16.323094] rtc_cmos rtc_cmos: setting system clock to 2017-10-18 10:52:29 UTC (1508323949)
[   16.477597] BIOS EDD facility v0.16 2004-Jun-25, 0 devices found
[   16.608030] EDD information not available.
[   16.685522] Freeing unused kernel memory: 1492K
[   16.774847] Write protecting the kernel read-only data: 14336k
[   16.834442] Freeing unused kernel memory: 1748K
[   16.855310] Freeing unused kernel memory: 112K
Loading, please wait...
starting version[   16.879413] random: systemd-udevd: uninitialized urandom read (16 bytes read, 7 bits of entropy available)
 229
[   16.880013] random: udevadm: uninitialized urandom read (16 bytes read, 7 bits of entropy available)
[   16.880049] random: udevadm: uninitialized urandom read (16 bytes read, 7 bits of entropy available)
[   16.880155] random: udevadm: uninitialized urandom read (16 bytes read, 7 bits of entropy available)
[   16.880193] random: udevadm: uninitialized urandom read (16 bytes read, 7 bits of entropy available)
[   16.880230] random: udevadm: uninitialized urandom read (16 bytes read, 7 bits of entropy available)
[   16.880269] random: udevadm: uninitialized urandom read (16 bytes read, 7 bits of entropy available)
[   16.880305] random: udevadm: uninitialized urandom read (16 bytes read, 7 bits of entropy available)
[   16.880340] random: udevadm: uninitialized urandom read (16 bytes read, 7 bits of entropy available)
[   16.880378] random: udevadm: uninitialized urandom read (16 bytes read, 7 bits of entropy available)
[   17.231338] e1000: Intel(R) PRO/1000 Network Driver - version 7.3.21-k8-NAPI
[   17.244951] e1000: Copyright (c) 1999-2006 Intel Corporation.
[   17.251490] Fusion MPT base driver 3.04.20
[   17.259314] Copyright (c) 1999-2008 LSI Corporation
[   17.275542] AVX version of gcm_enc/dec engaged.
[   17.277954] AES CTR mode by8 optimization enabled
[   17.279351] Fusion MPT SPI Host driver 3.04.20
[   17.488324] input: ImExPS/2 Generic Explorer Mouse as /devices/platform/i8042/serio1/input/input4
[   17.627084] e1000 0000:00:03.0 eth0: (PCI:33MHz:32-bit) 02:14:68:3e:84:47
[   17.686424] e1000 0000:00:03.0 eth0: Intel(R) PRO/1000 Network Connection
[   18.148932] e1000 0000:00:08.0 eth1: (PCI:33MHz:32-bit) 08:00:27:7d:24:ee
[   18.211089] e1000 0000:00:08.0 eth1: Intel(R) PRO/1000 Network Connection
[   18.253726] mptbase: ioc0: Initiating bringup
[   18.269333] e1000 0000:00:03.0 enp0s3: renamed from eth0
[   18.289143] e1000 0000:00:08.0 enp0s8: renamed from eth1
[   18.352982] ioc0: LSI53C1030 A0: Capabilities={Initiator}
[   18.518059] scsi host2: ioc0: LSI53C1030 A0, FwRev=00000000h, Ports=1, MaxQ=256, IRQ=20
[   18.770057] scsi 2:0:0:0: Direct-Access     VBOX     HARDDISK         1.0  PQ: 0 ANSI: 5
[   18.914739] scsi target2:0:0: Beginning Domain Validation
[   19.065507] scsi target2:0:0: Domain Validation skipping write tests
[   19.164052] scsi target2:0:0: Ending Domain Validation
[   19.165507] scsi target2:0:0: asynchronous
[   19.229886] scsi 2:0:1:0: Direct-Access     VBOX     HARDDISK         1.0  PQ: 0 ANSI: 5
[   19.250136] scsi target2:0:1: Beginning Domain Validation
[   19.314434] scsi target2:0:1: Domain Validation skipping write tests
[   19.317462] scsi target2:0:1: Ending Domain Validation
[   19.318601] scsi target2:0:1: asynchronous
[   19.325832] sd 2:0:0:0: Attached scsi generic sg0 type 0
[   19.390688] sd 2:0:0:0: [sda] 20971520 512-byte logical blocks: (10.7 GB/10.0 GiB)
[   19.408991] sd 2:0:1:0: Attached scsi generic sg1 type 0
[   19.409366] sd 2:0:1:0: [sdb] 20480 512-byte logical blocks: (10.5 MB/10.0 MiB)
[   19.409516] sd 2:0:0:0: [sda] Write Protect is off
[   19.409706] sd 2:0:1:0: [sdb] Write Protect is off
[   19.409786] sd 2:0:0:0: [sda] Incomplete mode parameter data
[   19.409787] sd 2:0:0:0: [sda] Assuming drive cache: write through
[   19.409923] sd 2:0:1:0: [sdb] Incomplete mode parameter data
[   19.409925] sd 2:0:1:0: [sdb] Assuming drive cache: write through
[   19.430121]  sda: sda1
[   19.431209] sd 2:0:1:0: [sdb] Attached SCSI disk
[   19.431899] sd 2:0:0:0: [sda] Attached SCSI disk
[   20.254320] floppy0: no floppy controllers found
Begin: Loading e[   21.695931] md: linear personality registered for level -1
ssential drivers ... [   21.779663] md: multipath personality registered for level -4
[   21.806426] md: raid0 personality registered for level 0
[   21.880951] md: raid1 personality registered for level 1
[   21.952813] raid6: sse2x1   gen()  8624 MB/s
[   22.093920] raid6: sse2x1   xor()  6792 MB/s
[   22.238585] raid6: sse2x2   gen() 11098 MB/s
[   22.340718] raid6: sse2x2   xor()  7009 MB/s
[   22.457235] raid6: sse2x4   gen() 11477 MB/s
[   22.591737] raid6: sse2x4   xor()  8498 MB/s
[   22.607557] raid6: using algorithm sse2x4 gen() 11477 MB/s
[   22.709502] raid6: .... xor() 8498 MB/s, rmw enabled
[   22.715073] raid6: using ssse3x2 recovery algorithm
[   22.743537] xor: automatically using best checksumming function:
[   22.837054]    avx       : 17848.000 MB/sec
[   22.861229] async_tx: api initialized (async)
[   22.927738] md: raid6 personality registered for level 6
[   22.985521] md: raid5 personality registered for level 5
[   23.054324] md: raid4 personality registered for level 4
[   23.131142] md: raid10 personality registered for level 10
done.
Begin: Running /scripts/init-premount ... done.
Begin: M[   23.212580] Btrfs loaded
ounting root file system ... Begin: Running /scripts/local-top .[   23.281005] EXT4-fs (sda1): mounted filesystem with ordered data mode. Opts: (null)
.. done.
Begin: Running /scripts/local-premount ... Scanning for Btrfs filesystems
done.
Warning: fsck not present, so skipping root file system
done.
Begin: Running /scripts/local-bottom ... done.
Begin: Running /scripts/init-bottom ... done.
[   23.411598] systemd[1]: systemd 229 running in system mode. (+PAM +AUDIT +SELINUX +IMA +APPARMOR +SMACK +SYSVINIT +UTMP +LIBCRYPTSETUP +GCRYPT +GNUTLS +ACL +XZ -LZ4 +SECCOMP +BLKID +ELFUTILS +KMOD -IDN)
[   23.826864] systemd[1]: Detected virtualization oracle.
[   23.854787] systemd[1]: Detected architecture x86-64.

Welcome to [1mUbuntu 16.04.3 LTS[0m!

[   23.885274] systemd[1]: Set hostname to <ubuntu>.
[   23.899583] systemd[1]: Initializing machine ID from random generator.
[   23.944617] systemd[1]: Installed transient /etc/machine-id file.
[   24.191745] systemd[1]: Listening on udev Control Socket.
[[0;32m  OK  [0m] Listening on udev Control Socket.
[   24.265100] systemd[1]: Started Forward Password Requests to Wall Directory Watch.
[[0;32m  OK  [0m] Started Forward Password Requests to Wall Directory Watch.
[   24.345263] systemd[1]: Listening on Device-mapper event daemon FIFOs.
[[0;32m  OK  [0m] Listening on Device-mapper event daemon FIFOs.
[   24.492738] systemd[1]: Listening on LVM2 poll daemon socket.
[[0;32m  OK  [0m] Listening on LVM2 poll daemon socket.
[   24.625656] systemd[1]: Listening on Journal Socket.
[[0;32m  OK  [0m] Listening on Journal Socket.
[   24.718094] systemd[1]: Created slice System Slice.
[[0;32m  OK  [0m] Created slice System Slice.
[   24.865498] systemd[1]: Starting Create list of required static device nodes for the current kernel...
         Starting Create list of required st... nodes for the current kernel...
[   25.004882] systemd[1]: Mounting Debug File System...
[   25.005412] random: nonblocking pool is initialized
         Mounting Debug File System...
[   25.150055] systemd[1]: Created slice system-serial\x2dgetty.slice.
[[0;32m  OK  [0m] Created slice system-serial\x2dgetty.slice.
[   25.273515] systemd[1]: Starting Nameserver information manager...
         Starting Nameserver information manager...
[   25.397378] systemd[1]: Starting Remount Root and Kernel File Systems...
[   25.401868] EXT4-fs (sda1): re-mounted. Opts: (null)
         Starting Remount Root and Kernel File Systems...
[   25.593403] systemd[1]: Listening on Journal Audit Socket.
[[0;32m  OK  [0m] Listening on Journal Audit Socket.
[   25.785369] systemd[1]: Started Trigger resolvconf update for networkd DNS.
[[0;32m  OK  [0m] Started Trigger resolvconf update for networkd DNS.
[   25.957391] systemd[1]: Listening on udev Kernel Socket.
[[0;32m  OK  [0m] Listening on udev Kernel Socket.
[   26.076967] systemd[1]: Mounting POSIX Message Queue File System...
         Mounting POSIX Message Queue File System...
[   26.113529] systemd[1]: Starting Uncomplicated firewall...
         Starting Uncomplicated firewall...
[   26.193420] systemd[1]: Reached target User and Group Name Lookups.
[[0;32m  OK  [0m] Reached target User and Group Name Lookups.
[   26.260016] systemd[1]: Listening on Journal Socket (/dev/log).
[[0;32m  OK  [0m] Listening on Journal Socket (/dev/log).
[   26.281800] systemd[1]: Listening on /dev/initctl Compatibility Named Pipe.
[[0;32m  OK  [0m] Listening on /dev/initctl Compatibility Named Pipe.
[   26.381501] systemd[1]: Set up automount Arbitrary Executable File Formats File System Automount Point.
[[0;32m  OK  [0m] Set up automount Arbitrary Executab...ats File System Automount Point.
[   26.522278] systemd[1]: Reached target Encrypted Volumes.
[[0;32m  OK  [0m] Reached target Encrypted Volumes.
[   26.709282] systemd[1]: Reached target Swap.
[[0;32m  OK  [0m] Reached target Swap.
[   26.829524] systemd[1]: Starting Set console keymap...
         Starting Set console keymap...
[   26.937160] systemd[1]: Mounting Huge Pages File System...
         Mounting Huge Pages File System...
[   27.016643] systemd[1]: Listening on Syslog Socket.
[[0;32m  OK  [0m] Listening on Syslog Socket.
[   27.109561] systemd[1]: Starting Journal Service...
         Starting Journal Service...
[   27.161222] systemd[1]: Starting Load Kernel Modules...
[   27.170107] Loading iSCSI transport class v2.0-870.
         Starting Load Kernel Modules...
[   27.177835] iscsi: registered transport (tcp)
[   27.229491] systemd[1]: Listening on LVM2 metadata daemon socket.
[[0;32m  OK  [0m] Listening on LVM2 metadata daemon socket.
[   27.281069] systemd[1]: Starting Monitoring of LVM2 mirrors, snapshots etc. using dmeventd or progress polling...
         Starting Monitor[   27.307997] iscsi: registered transport (iser)
ing of LVM2 mirrors... dmeventd or progress polling...
[   27.353281] systemd[1]: Created slice User and Session Slice.
[[0;32m  OK  [0m] Created slice User and Session Slice.
[   27.383092] systemd[1]: Reached target Slices.
[[0;32m  OK  [0m] Reached target Slices.
[   27.398325] systemd[1]: Mounted Debug File System.
[[0;32m  OK  [0m] Mounted Debug File System.
[   27.427537] systemd[1]: Mounted Huge Pages File System.
[[0;32m  OK  [0m] Mounted Huge Pages File System.
[   27.473787] systemd[1]: Mounted POSIX Message Queue File System.
[[0;32m  OK  [0m] Mounted POSIX Message Queue File System.
[   27.500318] systemd[1]: Started Journal Service.
[[0;32m  OK  [0m] Started Journal Service.
[[0;32m  OK  [0m] Started Create list of required sta...ce nodes for the current kernel.
[[0;32m  OK  [0m] Started Remount Root and Kernel File Systems.
[[0;32m  OK  [0m] Started Uncomplicated firewall.
[[0;32m  OK  [0m] Started Set console keymap.
[[0;32m  OK  [0m] Started Load Kernel Modules.
[[0;32m  OK  [0m] Started Nameserver information manager.
[[0;32m  OK  [0m] Started LVM2 metadata daemon.
         Mounting FUSE Control File System...
         Starting Apply Kernel Variables...
         Starting udev Coldplug all Devices...
         Starting Initial cloud-init job (pre-networking)...
         Starting Load/Save Random Seed...
         Starting Create Static Device Nodes in /dev...
         Starting Flush Journal to Persistent Storage...
[[0;32m  OK  [0m] Mounted FUSE Control File System.
[[0;32m  OK  [0m] Started Apply Kernel Variables.
[[0;32m  OK  [0m] Started Load/Save Random Seed.
[[0;32m  OK  [0m] Started Create Static Device Nodes in /dev.
[[0;32m  OK  [0m] Started udev Coldplug all Devices.
[[0;32m  OK  [0m] Started Flush Journal to Persistent Storage.
         Starting udev Kernel Device Manager...
[[0;32m  OK  [0m] Started udev Kernel Device Manager.
[[0;32m  OK  [0m] Started Dispatch Password Requests to Console Directory Watch.
[[0;32m  OK  [0m] Found device /dev/ttyS0.
[[0;32m  OK  [0m] Started Monitoring of LVM2 mirrors,...ng dmeventd or progress polling.
[[0;32m  OK  [0m] Reached target Local File Systems (Pre).
[[0;32m  OK  [0m] Reached target Local File Systems.
         Starting LSB: AppArmor initialization...
         Starting Set console font and keymap...
         Starting Commit a transient machine-id on disk...
         Starting Tell Plymouth To Write Out Runtime Data...
         Starting Create Volatile Files and Directories...
[[0;32m  OK  [0m] Started Commit a transient machine-id on disk.
[[0;32m  OK  [0m] Started Tell Plymouth To Write Out Runtime Data.
[[0;32m  OK  [0m] Started Create Volatile Files and Directories.
[   19.960209] cloud-init[451]: Cloud-init v. 0.7.9 running 'init-local' at Wed, 18 Oct 2017 10:52:41 +0000. Up 19.69 seconds.
[[0;32m  OK  [0m] Started Initial cloud-init job (pre-networking).
[[0;32m  OK  [0m] Listening on Load/Save RF Kill Switch Status /dev/rfkill Watch.
[[0;32m  OK  [0m] Reached target Network (Pre).
         Starting Update UTMP about System Boot/Shutdown...
[[0;32m  OK  [0m] Reached target System Time Synchronized.
[[0;32m  OK  [0m] Started Set console font and keymap.
[[0;32m  OK  [0m] Created slice system-getty.slice.
[[0;32m  OK  [0m] Started Update UTMP about System Boot/Shutdown.
[[0;32m  OK  [0m] Started LSB: AppArmor initialization.
         Starting Raise network interfaces...
[[0;32m  OK  [0m] Started Raise network interfaces.
[[0;32m  OK  [0m] Reached target Network.
         Starting Initial cloud-init job (metadata service crawler)...
[   23.314448] cloud-init[943]: Cloud-init v. 0.7.9 running 'init' at Wed, 18 Oct 2017 10:52:45 +0000. Up 22.85 seconds.
[   23.396935] cloud-init[943]: ci-info: ++++++++++++++++++++++++++++++++++++++Net device info++++++++++++++++++++++++++++++++++++++
[   23.397457] cloud-init[943]: ci-info: +--------+-------+----------------------------+---------------+-------+-------------------+
[[0;32m  OK  [0m] Started Initial cloud-init job (metadata service crawler).
[   23.397865] cloud-init[943]: ci-info: | Device |   Up  |          Address           |      Mask     | Scope |     Hw-Address    |
[   23.689206] cloud-init[943]: ci-info: +--------+-------+----------------------------+---------------+-------+-------------------+
[   23.689872] cloud-init[943]: ci-info: | enp0s3 |  True |         10.0.2.15          | 255.255.255.0 |   .   | 02:14:68:3e:84:47 |
[[0;32m  OK  [0m] Reached target System Initialization.
[   23.690381]          Starting Socket activation for snappy daemon.
cloud-init[943]: ci-info: | enp0s3 |  True | fe80::14:68ff:fe3e:8447/64 |       .       |  link | 02:14:68:3e:84:47 |
[   23.932757] cloud-init[943]: ci-info: |   lo   |  True |         127.0.0.1          |   255.0.0.0   |   .   |         .         |
[   23.933309] cloud-init[943]: ci-info: |   lo   |  True |          ::1/128           |       .       |  host |         .         |
[[0;32m  OK  [0m] Started Timer to automatically refresh installed snaps.
[   23.933544] cloud-init[943]: ci-info: | enp0s8 | False |             .              |       .       |   .   | 08:00:27:7d:24:ee |
[   24.115777] cloud-init[943]: ci-info: +--------+-------+----------------------------+---------------+-------+-------------------+
[[0;32m  OK  [0m] Started Daily Cleanup of Temporary Directories.
[   24.116004] cloud-init[943]: ci-info: +++++++++++++++++++++++++++Route IPv4 info++++++++++++++++++++++++++++
[   24.386301] cloud-init[943]: ci-info: +-------+-------------+----------+---------------+-----------+-------+
[   24.386831]          cloud-initStarting LXD - unix socket.[943]: 
ci-info: | Route | Destination | Gateway  |    Genmask    | Interface | Flags |
[   24.484863] cloud-init[943]: ci-info: +-------+-------------+----------+---------------+-----------+-------+
[   24.485373] cloud-init[943]: ci-info: |   0   |   0.0.0.0   | 10.0.2.2 |    0.0.0.0    |   enp0s3  |   UG  |[
[0;32m  OK  [0m] Listening on D-Bus System Message Bus Socket.
[   24.485825] cloud-init[943]: ci-info: |   1   |   10.0.2.0  | 0.0.0.0  | 255.255.255.0 |   enp0s3  |   U   |
[[0;32m  OK  [0m] Listening on ACPID Listen Socket.
[[   24.677792] cloud-init[943]: ci-info: +-------+-------------+----------+---------------+-----------+-------+
[   24.716507] cloud-init[943]: Generating public/private rsa key pair.
[0;32m  OK  [0m] Started Timer to automatically fetch and run repair assertions.
[[   24.716757] [0;32m  OK  [0mcloud-init] [943]: Listening on UUID daemon activation socket.Your identification has been saved in /etc/ssh/ssh_host_rsa_key.

[   24.929971] cloud-init[943]: Your public key has been saved in /etc/ssh/ssh_host_rsa_key.pub.
[   24.930463] cloud-init[943]: The key fingerprint is:
[[0;32m  OK  [0m] Started ACPI Events Check.
[[   24.930655] [0;32m  OK  [0mcloud-init] [943]: Reached target Paths.SHA256:6EaYJ1mQ8gZXEdmbBM1gef3Zqv2MGQLXBc3/e77v+cU root@ubuntu-xenial

[   24.998471] cloud-init[943]: The key's randomart image is:
[   24.999064] cloud-init[943]: +---[RSA 2048]----+
[[0;32m  OK  [0m] Reached target Network is Online.
[   24.999260] cloud-init[943]: |    .oB@ .  .o   |
[   25.156851] cloud-init[943]: |  o ooo * .  .o  |
         Starting iSCSI initiator daemon (iscsid)...[   25.157358] 
cloud-init[943]: |   =  .o o . o.. |
[   25.229740] cloud-init[943]: |    o= .o  .o.. .|
[[0;32m  OK  [0m] Started Daily apt download activities.
[   25.229985] cloud-init[943]: |   .= + S . ..  .|
[   25.324526] cloud-init[943]: |     =   o  .  ..|
[   25.325076] cloud-init[943]: |      o   .o.   E|
[[0;32m  OK  [0m] Started Daily apt upgrade and clean activities.
[[   25.325315] cloud-init[943]: |     .    ...= .+|
[   25.421918] cloud-init[943]: |            o.o=X|
[0;32m  OK  [0m] Reached target Timers.
[[   25.422115] cloud-init[943]: +----[SHA256]-----+
[   25.521721] cloud-init[943]: Generating public/private dsa key pair.
[   25.521963] cloud-init[943]: Your identification has been saved in /etc/ssh/ssh_host_dsa_key.
[   25.522262] cloud-init[943]: Your public key has been saved in /etc/ssh/ssh_host_dsa_key.pub.
[   25.522564] cloud-init[943]: The key fingerprint is:
[   25.522841] cloud-init[943]: SHA256:LfsJ15OXWPVFEb78sqk1qy1pjWQqaFJbWFsFJI/D0t0 root@ubuntu-xenial
[   25.523058] cloud-init[943]: The key's randomart image is:
[   25.523304] cloud-init[943]: +---[DSA 1024]----+
[   25.523531] cloud-init[943]: |        ..o.   o+|
[   25.523775] cloud-init[943]: |       o = .. .. |
[   25.524018] cloud-init[943]: |      . = o.E  .o|
[   25.524473] cloud-init[943]: |       ..o.   ..+|
[0;32m  OK  [0m] Reached target Cloud-config availability.
[   25.524714] cloud-init[943]: |       oSo.   .o.|
[   25.988651] cloud-init[943]: |      o oo .o+ ..|
[   25.989168] cloud-init[[943]: [0;32m  OK  [0m|     . +o .+=+* .|] 
Listening on Socket activation for snappy daemon.
[[   25.989634] cloud-init[943]: |    . + .+..==.* |
[0;32m  OK  [0m] Listening on LXD - unix socket.[   26.086116] cloud-init[943]: |     o   .o.o+=  |

[   26.086393] cloud-init[943]: +----[SHA256]-----+
[   26.176725] cloud-init[943]: Generating public/private ecdsa key pair.
[   26.177882] cloud-init[943]: Your identification has been saved in /etc/ssh/ssh_host_ecdsa_key.
[[0;32m  OK  [0m] Started iSCSI initiator daemon (iscsid).
[   26.178354] cloud-init[943]: Your public key has been saved in /etc/ssh/ssh_host_ecdsa_key.pub.
[   26.294210] cloud-init[943]: The key fingerprint is:
         Starting Login to default iSCSI targets...
[   26.295078] cloud-init[943]: SHA256:mil7kvY5osAihDIB4xOaAOLOaVC8IODrreFd2m7w3KE root@ubuntu-xenial
[   26.352503] cloud-init[943]: The key's randomart image is:
[   26.352921] cloud-init[943]: +---[ECDSA 256]---+
[[0;32m  OK  [0m] Reached target Sockets.
[[   26.353128] cloud-init[943]: |Xo.              |
[   26.422042] cloud-init[943]: |@+o              |
[0;32m  OK  [0m] Reached target Basic System.
[   26.422254] cloud-init[943]: |** .             |
[   26.520451] cloud-init[943]: |=.=              |
[   26.520817] cloud-init[943]: |+B      S        |
[[0;32m  OK  [0m] Started ACPI event daemon.
[   26.520986] cloud-init[943]: |*...   =         |
[   26.585884] cloud-init[943]: |++ .=o* .        |
[   26.624599] cloud-init[943]: |+.+ OEoo         |
[[   26.648457] cloud-init[943]: | o.=+Bo.         |
[   26.649167] cloud-init[943]: +----[SHA256]-----+
[0;32m  OK  [0m] Started FUSE filesystem for LXC.
[   26.649369] cloud-init[943]: Generating public/private ed25519 key pair.
[   26.740742] cloud-init[943]: Your identification has been saved in /etc/ssh/ssh_host_ed25519_key.
[   26.741119] cloud-init[943]: Your public key has been saved in /etc/ssh/ssh_host_ed25519_key.pub.
         Starting LXD - container startup/shutdown...
[   26.741398] cloud-init[943]: The key fingerprint is:
[   26.820733] cloud-init[943]: SHA256:bB7PPV+CsEFbCbrjZD7Qatf8I0+HH0O8uMaYiNE1t5U root@ubuntu-xenial
         Starting LSB: Record successful boot for GRUB...
[   26.883945] cloud-init[943]: The key's randomart image is:
[   26.924291] cloud-init[943]: +--[ED25519 256]--+
[   26.924792] cloud-init[943]: |          .      |
         Starting LSB: MD monitoring daemon...
[   26.925038] cloud-init[943]: |         . . .   |
[   26.984451] cloud-init[943]: |        . . o  . |
[   26.984835] cloud-init[943]: |       o ooo..E  |
         Starting Login Service...
[   26.985070] cloud-init[943]: |      ..S.+o oo  |
[   27.037051] cloud-init[943]: |      .X.B =.= . |
         Starting Pollinate to seed the pseudo random number generator...
[   27.037864] cloud-init[943]: |      oo*.*+B * .|
[   27.116642] cloud-init[943]: |     .....+o+* = |
[   27.117141]          cloud-initStarting Snappy daemon...[943]: 
|           ++.o  |
[   27.117494] cloud-init[943]: +----[SHA256]-----+
         Starting /etc/rc.local Compatibility...
[[0;32m  OK  [0m] Started D-Bus System Message Bus.
         Starting System Logging Service...
[[0;32m  OK  [0m] Started Regular background program processing daemon.
[[0;32m  OK  [0m] Started Unattended Upgrades Shutdown.
         Starting Apply the settings specified in cloud-config...
         Starting Accounts Service...
[[0;32m  OK  [0m] Started Deferred execution scheduler.
[[0;32m  OK  [0m] Started Snappy daemon.
[[0;32m  OK  [0m] Started System Logging Service.
[[0;32m  OK  [0m] Started LXD - container startup/shutdown.
[[0;32m  OK  [0m] Started /etc/rc.local Compatibility.
[[0;32m  OK  [0m] Started Pollinate to seed the pseudo random number generator.
[[0;32m  OK  [0m] Started Login to default iSCSI targets.
[[0;32m  OK  [0m] Started LSB: Record successful boot for GRUB.
[[0;32m  OK  [0m] Started LSB: MD monitoring daemon.
[[0;32m  OK  [0m] Started Login Service.
         Starting Authenticate and Authorize Users to Run Privileged Tasks...
[[0;32m  OK  [0m] Reached target Remote File Systems (Pre).
[[0;32m  OK  [0m] Reached target Remote File Systems.
         Starting LSB: daemon to balance interrupts for SMP systems...
         Starting Permit User Sessions...
         Starting LSB: VirtualBox Linux Additions...
         Starting LSB: automatic crash report generation...
         Starting LSB: Set the CPU Frequency Scaling governor to "ondemand"...
         Starting OpenBSD Secure Shell server...
         Starting Auto import assertions from block devices...
[[0;32m  OK  [0m] Started OpenBSD Secure Shell server.
[[0;32m  OK  [0m] Started Permit User Sessions.
[[0;32m  OK  [0m] Started Auto import assertions from block devices.
[   28.220810] cloud-init[1131]: Generating locales (this might take a while)...
[[0;32m  OK  [0m] Started Authenticate and Authorize Users to Run Privileged Tasks.
[[0;32m  OK  [0m] Started Accounts Service.
[[0;32m  OK  [0m] Started LSB: daemon to balance interrupts for SMP systems.
[[0;32m  OK  [0m] Started LSB: Set the CPU Frequency Scaling governor to "ondemand".
[[0;32m  OK  [0m] Started LSB: automatic crash report generation.
[[0;32m  OK  [0m] Started LSB: VirtualBox Linux Additions.
         Starting Hold until boot process finishes up...
         Starting Terminate Plymouth Boot Screen...
[[0;32m  OK  [0m] Started Hold until boot process finishes up.
[[0;32m  OK  [0m] Started Terminate Plymouth Boot Screen.
         Starting Set console scheme...
[[0;32m  OK  [0m] Started Serial Getty on ttyS0.
[[0;32m  OK  [0m] Started Getty on tty1.
[[0;32m  OK  [0m] Reached target Login Prompts.
[[0;32m  OK  [0m] Reached target Multi-User System.
[[0;32m  OK  [0m] Reached target Graphical Interface.
         Starting Update UTMP about System Runlevel Changes...
[[0;32m  OK  [0m] Started Set console scheme.
[[0;32m  OK  [0m] Started Update UTMP about System Runlevel Changes.
[   29.687899] cloud-init[1131]:   en_US.UTF-8... done
[   29.716878] cloud-init[1131]: Generation complete.
         Stopping OpenBSD Secure Shell server...
[[0;32m  OK  [0m] Stopped OpenBSD Secure Shell server.
         Starting OpenBSD Secure Shell server...
[[0;32m  OK  [0m] Started OpenBSD Secure Shell server.
[[0;32m  OK  [0m] Created slice User Slice of ubuntu.
         Starting User Manager for UID 1000...
[[0;32m  OK  [0m] Started Session 1 of user ubuntu.
[[0;32m  OK  [0m] Started User Manager for UID 1000.
[   30.182540] cloud-init[1131]: Cloud-init v. 0.7.9 running 'modules:config' at Wed, 18 Oct 2017 10:52:50 +0000. Up 27.98 seconds.
[[0;32m  OK  [0m] Started Apply the settings specified in cloud-config.
         Starting Execute cloud user/final scripts...
ci-info: no authorized ssh keys fingerprints found for user ubuntu.
<14>Oct 18 10:52:53 ec2: 
<14>Oct 18 10:52:53 ec2: #############################################################
<14>Oct 18 10:52:53 ec2: -----BEGIN SSH HOST KEY FINGERPRINTS-----
<14>Oct 18 10:52:53 ec2: 1024 SHA256:LfsJ15OXWPVFEb78sqk1qy1pjWQqaFJbWFsFJI/D0t0 root@ubuntu-xenial (DSA)
<14>Oct 18 10:52:53 ec2: 256 SHA256:mil7kvY5osAihDIB4xOaAOLOaVC8IODrreFd2m7w3KE root@ubuntu-xenial (ECDSA)
<14>Oct 18 10:52:53 ec2: 256 SHA256:bB7PPV+CsEFbCbrjZD7Qatf8I0+HH0O8uMaYiNE1t5U root@ubuntu-xenial (ED25519)
<14>Oct 18 10:52:53 ec2: 2048 SHA256:6EaYJ1mQ8gZXEdmbBM1gef3Zqv2MGQLXBc3/e77v+cU root@ubuntu-xenial (RSA)
<14>Oct 18 10:52:53 ec2: -----END SSH HOST KEY FINGERPRINTS-----
<14>Oct 18 10:52:53 ec2: #############################################################
-----BEGIN SSH HOST KEY KEYS-----
ecdsa-sha2-nistp256 AAAAE2VjZHNhLXNoYTItbmlzdHAyNTYAAAAIbmlzdHAyNTYAAABBBBPuNH+p9Ci3WcG3FGiFD9ZZKkO4mvywmg5qpnEYUgr8cbcJLwLTL9P2JkzT7s+r0HU931nZzmA6Mpwrj+nuIrk= root@ubuntu-xenial
ssh-ed25519 AAAAC3NzaC1lZDI1NTE5AAAAINMBFbXGNwtDqPDMUWjEsL0Djy56v7LBDlxNLiAbYh/L root@ubuntu-xenial
ssh-rsa AAAAB3NzaC1yc2EAAAADAQABAAABAQC2/r/MXT/HTrvLcrsCSqLstL5RrhuSf47gZ1AmhCIUmLelI/wYGkUj0bsvuONg1IJBLUPkET9rRZXlHkhnIEIelbA/fzt2Xbmr+BHJjp8xHvcpuT9GQDqcFP7FMJja1MeC7mH/zYC4nWHoTIERw3pBShAMGjiQ8zbORMW9a7RAYitHMiKNS3thN3m6nxhKmxSdog6htYbWIM5no4ZEoxrpOldTOeg6SFz93pulGcEq82bSbFupLelmT6LNAXCIPUkm/wNPAtZZU+OcCD+Nzs/UhLjhvdtpqyTqY3TXP/MPzptzwHl75dW8LEQROdgFEKYubbuzDpkgxRWq26uiR/b9 root@ubuntu-xenial
-----END SSH HOST KEY KEYS-----
[   31.525758] cloud-init[1373]: Cloud-init v. 0.7.9 running 'modules:final' at Wed, 18 Oct 2017 10:52:53 +0000. Up 30.84 seconds.
[   31.541964] cloud-init[1373]: ci-info: no authorized ssh keys fingerprints found for user ubuntu.
[   31.613113] [cloud-init[0;32m  OK  [0m[1373]: ] Cloud-init v. 0.7.9 finished at Wed, 18 Oct 2017 10:52:53 +0000. Datasource DataSourceNoCloud [seed=/dev/sdb][dsmode=net].  Up 31.51 secondsStarted Execute cloud user/final scripts.

[[0;32m  OK  [0m] Reached target Cloud-init target.

Ubuntu 16.04.3 LTS ubuntu-xenial ttyS0

ubuntu-xenial login: 